<?xml version="1.0" encoding="UTF-8"?>
<testng-results ignored="0" total="1" passed="1" failed="0" skipped="0">
  <reporter-output>
    <line>
      <![CDATA[Testcase Passed]]>
    </line>
  </reporter-output>
  <suite started-at="2024-07-18T18:55:02 IST" name="Default suite" finished-at="2024-07-18T18:55:20 IST" duration-ms="18661">
    <groups>
    </groups>
    <test started-at="2024-07-18T18:55:02 IST" name="Default test" finished-at="2024-07-18T18:55:20 IST" duration-ms="18661">
      <class name="Maven_Amazon.Maven_AmazonTestcases.Testcase1">
        <test-method signature="Login_to_Search()[pri:0, instance:Maven_Amazon.Maven_AmazonTestcases.Testcase1@6cd28fa7]" started-at="2024-07-18T18:55:02 IST" name="Login_to_Search" finished-at="2024-07-18T18:55:20 IST" duration-ms="18007" status="PASS">
          <reporter-output>
            <line>
              <![CDATA[Testcase Passed]]>
            </line>
          </reporter-output>
        </test-method> <!-- Login_to_Search -->
      </class> <!-- Maven_Amazon.Maven_AmazonTestcases.Testcase1 -->
    </test> <!-- Default test -->
  </suite> <!-- Default suite -->
</testng-results>
