<?xml version="1.0" encoding="UTF-8"?>
<!-- Generated by org.testng.reporters.JUnitXMLReporter -->
<testsuite ignored="0" hostname="Vigneshwaran" failures="0" tests="5" name="AmazonTest" time="216.583" errors="0" timestamp="2024-07-10T19:55:08 IST">
  <testcase classname="Maven_Amazon.Maven_AmazonTestcases.Testcase1" name="Login_to_Search" time="83.719"/>
  <testcase classname="Maven_Amazon.Maven_AmazonTestcases.Testcase2" name="Login_Search_ClickFirstProduct" time="19.833"/>
  <testcase classname="Maven_Amazon.Maven_AmazonTestcases.Testcase3" name="Login_Search_ClickFirstProduct_AddToWishlist" time="31.125"/>
  <testcase classname="Maven_Amazon.Maven_AmazonTestcases.Testcase4" name="Login_Search_ClickFirstProduct_AddToWishlist_AddToCart" time="31.972"/>
  <testcase classname="Maven_Amazon.Maven_AmazonTestcases.Testcase5" name="Login_Search_ClickFirstProduct_AddToWishlist_AddToCart_SelectAddress" time="43.078"/>
</testsuite> <!-- AmazonTest -->
